<?xml version="1.0" encoding="UTF-8"?>
<!-- Generated by org.testng.reporters.JUnitReportReporter -->
<testsuite hostname="DESKTOP-GTEVIFT" failures="0" tests="1" name="Imp_Interview_programs.Fibonacci_series" time="2.414" errors="0" timestamp="2023-10-07T16:49:28 IST" skipped="0">
  <testcase classname="Imp_Interview_programs.Fibonacci_series" name="fibonacciDivisibleBy3and5" time="2.414"/>
  <system-out/>
</testsuite> <!-- Imp_Interview_programs.Fibonacci_series -->
