<?xml version="1.0" encoding="UTF-8"?>
<!-- Generated by org.testng.reporters.JUnitReportReporter -->
<testsuite hostname="DESKTOP-GTEVIFT" failures="0" tests="1" name="patter_Programs.Star_Pattern" time="0.021" errors="0" timestamp="2023-08-29T12:15:39 IST" skipped="0">
  <testcase classname="patter_Programs.Star_Pattern" name="pattern2" time="0.021"/>
  <system-out/>
</testsuite> <!-- patter_Programs.Star_Pattern -->
