<?xml version="1.0" encoding="UTF-8"?>
<!-- Generated by org.testng.reporters.JUnitReportReporter -->
<testsuite hostname="DESKTOP-GTEVIFT" failures="0" tests="1" name="Array_programs.Imp_Array_programs" time="0.022" errors="0" timestamp="2023-08-29T17:06:05 IST" skipped="0">
  <testcase classname="Array_programs.Imp_Array_programs" name="fetchIndexesArrayWithoutDupli" time="0.022"/>
  <system-out/>
</testsuite> <!-- Array_programs.Imp_Array_programs -->
