<?xml version="1.0" encoding="UTF-8"?>
<!-- Generated by org.testng.reporters.JUnitReportReporter -->
<testsuite hostname="DESKTOP-GTEVIFT" failures="0" tests="1" name="String_Programs.String_Palindrome" time="0.022" errors="0" timestamp="2023-10-07T16:50:55 IST" skipped="0">
  <testcase classname="String_Programs.String_Palindrome" name="PalindromeString" time="0.022"/>
  <system-out/>
</testsuite> <!-- String_Programs.String_Palindrome -->
