<?xml version="1.0" encoding="UTF-8"?>
<!-- Generated by org.testng.reporters.JUnitReportReporter -->
<testsuite hostname="DESKTOP-GTEVIFT" failures="0" tests="1" name="pattern_Programs.Alphabet_Patterns" time="0.021" errors="0" timestamp="2023-08-29T15:13:49 IST" skipped="0">
  <testcase classname="pattern_Programs.Alphabet_Patterns" name="pattern2" time="0.021"/>
  <system-out/>
</testsuite> <!-- pattern_Programs.Alphabet_Patterns -->
