<?xml version="1.0" encoding="UTF-8"?>
<!-- Generated by org.testng.reporters.JUnitReportReporter -->
<testsuite hostname="DESKTOP-GTEVIFT" failures="0" tests="1" name="String_Programs.String_input_output_programs" time="0.022" errors="0" timestamp="2023-10-06T17:20:21 IST" skipped="0">
  <testcase classname="String_Programs.String_input_output_programs" name="Stringalternatechar" time="0.022"/>
  <system-out/>
</testsuite> <!-- String_Programs.String_input_output_programs -->
