<?xml version="1.0" encoding="UTF-8"?>
<!-- Generated by org.testng.reporters.JUnitReportReporter -->
<testsuite hostname="DESKTOP-GTEVIFT" failures="0" tests="1" name="String_Programs.Occurance_String" time="0.022" errors="0" timestamp="2023-10-07T17:10:28 IST" skipped="0">
  <testcase classname="String_Programs.Occurance_String" name="StringWordCharacPOsitionsUsingCollectionMap" time="0.022"/>
  <system-out/>
</testsuite> <!-- String_Programs.Occurance_String -->
