<?xml version="1.0" encoding="UTF-8"?>
<!-- Generated by org.testng.reporters.JUnitReportReporter -->
<testsuite hostname="DESKTOP-GTEVIFT" failures="0" tests="1" name="javaprograms.Array_Programs" time="0.023" errors="0" timestamp="2023-08-23T15:10:40 IST" skipped="0">
  <testcase classname="javaprograms.Array_Programs" name="getsecondMaxArrayEle" time="0.023"/>
  <system-out/>
</testsuite> <!-- javaprograms.Array_Programs -->
