<?xml version="1.0" encoding="UTF-8"?>
<!-- Generated by org.testng.reporters.JUnitReportReporter -->
<testsuite hostname="DESKTOP-GTEVIFT" failures="0" tests="1" name="String_Programs.Reverse_String_Programs" time="0.023" errors="0" timestamp="2023-10-07T16:56:35 IST" skipped="0">
  <testcase classname="String_Programs.Reverse_String_Programs" name="reverseStringCharaInWord2" time="0.023"/>
  <system-out/>
</testsuite> <!-- String_Programs.Reverse_String_Programs -->
