<?xml version="1.0" encoding="UTF-8"?>
<!-- Generated by org.testng.reporters.JUnitReportReporter -->
<testsuite hostname="DESKTOP-GTEVIFT" failures="0" tests="1" name="Basic_Programs.Basic_Programs" time="0.021" errors="0" timestamp="2023-10-07T16:53:47 IST" skipped="0">
  <testcase classname="Basic_Programs.Basic_Programs" name="Outupt1" time="0.021"/>
  <system-out/>
</testsuite> <!-- Basic_Programs.Basic_Programs -->
