<?xml version="1.0" encoding="UTF-8"?>
<!-- Generated by org.testng.reporters.JUnitReportReporter -->
<testsuite hostname="DESKTOP-GTEVIFT" failures="0" tests="1" name="patter_Programs.Pattern1" time="0.024" errors="0" timestamp="2023-08-29T12:13:01 IST" skipped="0">
  <testcase classname="patter_Programs.Pattern1" name="pattern1" time="0.024"/>
  <system-out/>
</testsuite> <!-- patter_Programs.Pattern1 -->
