<?xml version="1.0" encoding="UTF-8"?>
<!-- Generated by org.testng.reporters.JUnitReportReporter -->
<testsuite hostname="DESKTOP-GTEVIFT" failures="0" tests="1" name="String_Programs.Find_Vowels_String" time="13.822" errors="0" timestamp="2023-08-28T15:13:24 IST" skipped="0">
  <testcase classname="String_Programs.Find_Vowels_String" name="vowelCountStringWithOutDuplicates" time="13.822"/>
  <system-out/>
</testsuite> <!-- String_Programs.Find_Vowels_String -->
