<?xml version="1.0" encoding="UTF-8"?>
<!-- Generated by org.testng.reporters.JUnitReportReporter -->
<testsuite hostname="DESKTOP-GTEVIFT" failures="0" tests="1" name="String_Programs.Imp_String_Programs" time="0.022" errors="0" timestamp="2023-10-06T10:02:56 IST" skipped="0">
  <testcase classname="String_Programs.Imp_String_Programs" name="FetchCharactersstring" time="0.022"/>
  <system-out/>
</testsuite> <!-- String_Programs.Imp_String_Programs -->
