<?xml version="1.0" encoding="UTF-8"?>
<!-- Generated by org.testng.reporters.JUnitReportReporter -->
<testsuite hostname="DESKTOP-GTEVIFT" failures="0" tests="1" name="String_Programs.Position_Char_String" time="0.021" errors="0" timestamp="2023-08-27T20:35:57 IST" skipped="0">
  <testcase classname="String_Programs.Position_Char_String" name="positionString" time="0.021"/>
  <system-out/>
</testsuite> <!-- String_Programs.Position_Char_String -->
