<?xml version="1.0" encoding="UTF-8"?>
<!-- Generated by org.testng.reporters.JUnitReportReporter -->
<testsuite hostname="DESKTOP-GTEVIFT" failures="0" tests="1" name="pattern_Programs.Number_Patterns" time="0.025" errors="0" timestamp="2023-08-29T14:59:43 IST" skipped="0">
  <testcase classname="pattern_Programs.Number_Patterns" name="pattern7" time="0.025"/>
  <system-out/>
</testsuite> <!-- pattern_Programs.Number_Patterns -->
