<?xml version="1.0" encoding="UTF-8"?>
<!-- Generated by org.testng.reporters.JUnitReportReporter -->
<testsuite hostname="DESKTOP-GTEVIFT" failures="0" tests="1" name="String_Programs.Remove_Duplicates_InString" time="0.003" errors="0" timestamp="2023-10-07T16:13:09 IST" skipped="0">
  <testcase classname="String_Programs.Remove_Duplicates_InString" name="StringWordDuplictesRemove" time="0.003"/>
  <system-out/>
</testsuite> <!-- String_Programs.Remove_Duplicates_InString -->
