<?xml version="1.0" encoding="UTF-8"?>
<!-- Generated by org.testng.reporters.JUnitReportReporter -->
<testsuite hostname="DESKTOP-GTEVIFT" failures="0" tests="1" name="javaprograms.Imp_Array_programs" time="0.024" errors="0" timestamp="2023-08-24T15:42:10 IST" skipped="0">
  <testcase classname="javaprograms.Imp_Array_programs" name="fetchIndexesArrayWithoutDupli" time="0.024"/>
  <system-out/>
</testsuite> <!-- javaprograms.Imp_Array_programs -->
