<?xml version="1.0" encoding="UTF-8"?>
<!-- Generated by org.testng.reporters.JUnitReportReporter -->
<testsuite hostname="DESKTOP-GTEVIFT" failures="0" tests="1" name="patter_Programs.Star_Patterns" time="0.031" errors="0" timestamp="2023-08-29T12:54:30 IST" skipped="0">
  <testcase classname="patter_Programs.Star_Patterns" name="pattern7" time="0.031"/>
  <system-out/>
</testsuite> <!-- patter_Programs.Star_Patterns -->
