<?xml version="1.0" encoding="UTF-8"?>
<!-- Generated by org.testng.reporters.JUnitReportReporter -->
<testsuite hostname="DESKTOP-GTEVIFT" failures="0" tests="1" name="String_Programs.Reverse_String" time="0.024" errors="0" timestamp="2023-10-06T09:37:24 IST" skipped="0">
  <testcase classname="String_Programs.Reverse_String" name="reverseStringWords" time="0.024"/>
  <system-out/>
</testsuite> <!-- String_Programs.Reverse_String -->
