<?xml version="1.0" encoding="UTF-8"?>
<!-- Generated by org.testng.reporters.JUnitReportReporter -->
<testsuite hostname="DESKTOP-GTEVIFT" failures="0" tests="1" name="Array_programs.Array_Programs_With_BB_Technique" time="0.030" errors="0" timestamp="2023-10-07T15:27:53 IST" skipped="0">
  <testcase classname="Array_programs.Array_Programs_With_BB_Technique" name="addFirstThreeMinArrayEle" time="0.030"/>
  <system-out/>
</testsuite> <!-- Array_programs.Array_Programs_With_BB_Technique -->
