<?xml version="1.0" encoding="UTF-8"?>
<!-- Generated by org.testng.reporters.JUnitReportReporter -->
<testsuite hostname="DESKTOP-GTEVIFT" failures="0" tests="1" name="pattern_Programs.Star_Patterns" time="0.024" errors="0" timestamp="2023-08-29T13:33:14 IST" skipped="0">
  <testcase classname="pattern_Programs.Star_Patterns" name="pattern6" time="0.024"/>
  <system-out/>
</testsuite> <!-- pattern_Programs.Star_Patterns -->
