<?xml version="1.0" encoding="UTF-8"?>
<!-- Generated by org.testng.reporters.JUnitReportReporter -->
<testsuite hostname="DESKTOP-GTEVIFT" failures="0" tests="1" name="Basic_Programs.Imp_programs" time="0.024" errors="0" timestamp="2023-10-07T16:00:48 IST" skipped="0">
  <testcase classname="Basic_Programs.Imp_programs" name="EvenNoBetweenTheRange" time="0.024"/>
  <system-out/>
</testsuite> <!-- Basic_Programs.Imp_programs -->
