<?xml version="1.0" encoding="UTF-8"?>
<!-- Generated by org.testng.reporters.JUnitReportReporter -->
<testsuite hostname="DESKTOP-GTEVIFT" failures="0" tests="1" name="Array_programs.Array_Programs_Without_BB_Technique" time="0.025" errors="0" timestamp="2023-10-07T15:22:03 IST" skipped="0">
  <testcase classname="Array_programs.Array_Programs_Without_BB_Technique" name="getFirstMinArrayEle" time="0.025"/>
  <system-out/>
</testsuite> <!-- Array_programs.Array_Programs_Without_BB_Technique -->
