<?xml version="1.0" encoding="UTF-8"?>
<!-- Generated by org.testng.reporters.JUnitReportReporter -->
<testsuite hostname="DESKTOP-GTEVIFT" failures="0" tests="1" name="javaprograms.Swapping_TwoNum_ThirdVariable" time="0.033" errors="0" timestamp="2023-08-23T10:31:19 IST" skipped="0">
  <testcase classname="javaprograms.Swapping_TwoNum_ThirdVariable" name="swaptwono" time="0.033"/>
  <system-out/>
</testsuite> <!-- javaprograms.Swapping_TwoNum_ThirdVariable -->
