<?xml version="1.0" encoding="UTF-8"?>
<!-- Generated by org.testng.reporters.JUnitReportReporter -->
<testsuite hostname="DESKTOP-GTEVIFT" failures="0" tests="1" name="Basic_Programs.Vowels_string" time="0.026" errors="0" timestamp="2023-08-31T10:07:42 IST" skipped="0">
  <testcase classname="Basic_Programs.Vowels_string" name="StringVowels" time="0.026"/>
  <system-out/>
</testsuite> <!-- Basic_Programs.Vowels_string -->
