<?xml version="1.0" encoding="UTF-8"?>
<!-- Generated by org.testng.reporters.JUnitReportReporter -->
<testsuite hostname="DESKTOP-GTEVIFT" failures="0" tests="1" name="String_Programs.Positions_Char_String" time="0.023" errors="0" timestamp="2023-08-28T14:39:42 IST" skipped="0">
  <testcase classname="String_Programs.Positions_Char_String" name="positionStringInReverseUsingMap" time="0.023"/>
  <system-out/>
</testsuite> <!-- String_Programs.Positions_Char_String -->
