<?xml version="1.0" encoding="UTF-8"?>
<!-- Generated by org.testng.reporters.JUnitReportReporter -->
<testsuite hostname="DESKTOP-GTEVIFT" failures="0" tests="1" name="javaprograms.Array_Programs_With_BB_Technique" time="0.021" errors="0" timestamp="2023-08-24T11:55:54 IST" skipped="0">
  <testcase classname="javaprograms.Array_Programs_With_BB_Technique" name="getFirstMinArrayele" time="0.021"/>
  <system-out/>
</testsuite> <!-- javaprograms.Array_Programs_With_BB_Technique -->
