<?xml version="1.0" encoding="UTF-8"?>
<!-- Generated by org.testng.reporters.JUnitReportReporter -->
<testsuite hostname="DESKTOP-GTEVIFT" failures="0" tests="1" name="String_Programs.Occurance_EachChar" time="0.024" errors="0" timestamp="2023-08-28T13:27:49 IST" skipped="0">
  <testcase classname="String_Programs.Occurance_EachChar" name="StringWordOccuranceUsingMap" time="0.024"/>
  <system-out/>
</testsuite> <!-- String_Programs.Occurance_EachChar -->
