<?xml version="1.0" encoding="UTF-8"?>
<!-- Generated by org.testng.reporters.JUnitReportReporter -->
<testsuite hostname="DESKTOP-GTEVIFT" failures="0" tests="1" name="String_Programs.Find_Vowels_In_String" time="0.022" errors="0" timestamp="2023-10-07T17:09:11 IST" skipped="0">
  <testcase classname="String_Programs.Find_Vowels_In_String" name="vowelCountStringWithDuplicates" time="0.022"/>
  <system-out/>
</testsuite> <!-- String_Programs.Find_Vowels_In_String -->
