<?xml version="1.0" encoding="UTF-8"?>
<!-- Generated by org.testng.reporters.JUnitReportReporter -->
<testsuite hostname="DESKTOP-GTEVIFT" failures="0" tests="1" name="String_Programs.Remove_Duplicates_InString$Remove_Duplicates_String" time="0.020" errors="0" timestamp="2023-10-07T16:37:22 IST" skipped="0">
  <testcase classname="String_Programs.Remove_Duplicates_InString$Remove_Duplicates_String" name="RemoveDuplicateCharacInString" time="0.020"/>
  <system-out/>
</testsuite> <!-- String_Programs.Remove_Duplicates_InString$Remove_Duplicates_String -->
