<?xml version="1.0" encoding="UTF-8"?>
<!-- Generated by org.testng.reporters.JUnitReportReporter -->
<testsuite hostname="DESKTOP-GTEVIFT" failures="0" tests="1" name="Array_programs.Interview_Programs" time="0.023" errors="0" timestamp="2023-10-06T17:52:43 IST" skipped="0">
  <testcase classname="Array_programs.Interview_Programs" name="SeparateArrayElements" time="0.023"/>
  <system-out/>
</testsuite> <!-- Array_programs.Interview_Programs -->
